<?xml version="1.0" encoding="UTF-8"?>
<!-- Generated by org.testng.reporters.JUnitReportReporter -->
<testsuite skipped="0" hostname="LAPTOP-B5VJQV3P" name="com.firmex.testCases.InvalidLoginTest" tests="1" failures="0" timestamp="05 Oct 2020 01:23:58 GMT" time="37.126" errors="0">
  <testcase name="invalidLoginTest" time="37.126" classname="com.firmex.testCases.InvalidLoginTest"/>
</testsuite> <!-- com.firmex.testCases.InvalidLoginTest -->
