<?xml version="1.0" encoding="UTF-8"?>
<!-- Generated by org.testng.reporters.JUnitReportReporter -->
<testsuite skipped="0" hostname="LAPTOP-B5VJQV3P" name="com.firmex.testCases.InvalidLoginTest" tests="1" failures="0" timestamp="27 Sep 2020 05:26:51 GMT" time="46.459" errors="0">
  <testcase name="invalidLoginTest" time="46.459" classname="com.firmex.testCases.InvalidLoginTest"/>
</testsuite> <!-- com.firmex.testCases.InvalidLoginTest -->
